1712691199913	geckodriver	INFO	Listening on 127.0.0.1:54797
1712691203011	mozrunner::runner	INFO	Running command: "C:\\Program Files\\Mozilla Firefox\\firefox.exe" "--marionette" "--user-agent=Mozilla/5.0 (Windows NT 10.0; ... 8" "--remote-allow-hosts" "localhost" "-no-remote" "-profile" "C:\\Users\\GZHel\\AppData\\Local\\Temp\\rust_mozprofile2oOwhH"
console.warn: services.settings: Ignoring preference override of remote settings server
console.warn: services.settings: Allow by setting MOZ_REMOTE_SETTINGS_DEVTOOLS=1 in the environment
1712691204175	Marionette	INFO	Marionette enabled
Dynamically enable window occlusion 0
console.error: "Warning: unrecognized command line flag" "-user-agent"
1712691204281	Marionette	INFO	Listening on port 54811
WebDriver BiDi listening on ws://127.0.0.1:54798
Read port: 54811
1712691204680	RemoteAgent	WARN	TLS certificate errors will be ignored for this session
DevTools listening on ws://127.0.0.1:54798/devtools/browser/7e4e0294-1aa9-4234-acc7-65c4f9a842fe
1712691234334	addons.xpi	ERROR	System addon update list error SyntaxError: XMLHttpRequest.open: 'http://%(server)s/dummy-system-addons.xml' is not a valid URL.
1712691304663	Marionette	INFO	Stopped listening on port 54811
JavaScript warning: https://inte.searchnode.io/vexio/searchnode.min.js, line 6: Script terminated by timeout at:
s@https://inte.searchnode.io/vexio/searchnode.min.js:6:178509

Dynamically enable window occlusion 1
1712691349415	geckodriver	INFO	Listening on 127.0.0.1:55027
1712691352475	mozrunner::runner	INFO	Running command: "C:\\Program Files\\Mozilla Firefox\\firefox.exe" "--marionette" "--user-agent=Mozilla/5.0 (Windows NT 10.0; ... 8" "--remote-allow-hosts" "localhost" "-no-remote" "-profile" "C:\\Users\\GZHel\\AppData\\Local\\Temp\\rust_mozprofileMne4SF"
console.warn: services.settings: Ignoring preference override of remote settings server
console.warn: services.settings: Allow by setting MOZ_REMOTE_SETTINGS_DEVTOOLS=1 in the environment
1712691352826	Marionette	INFO	Marionette enabled
Dynamically enable window occlusion 0
console.error: "Warning: unrecognized command line flag" "-user-agent"
1712691352895	Marionette	INFO	Listening on port 55039
WebDriver BiDi listening on ws://127.0.0.1:55028
Read port: 55039
1712691353089	RemoteAgent	WARN	TLS certificate errors will be ignored for this session
DevTools listening on ws://127.0.0.1:55028/devtools/browser/98226757-2d24-4160-a97d-23babec3a0c3
1712691384573	addons.xpi	ERROR	System addon update list error SyntaxError: XMLHttpRequest.open: 'http://%(server)s/dummy-system-addons.xml' is not a valid URL.
1712691498677	Marionette	INFO	Stopped listening on port 55039
JavaScript warning: https://inte.searchnode.io/vexio/searchnode.min.js, line 6: Script terminated by timeout at:
s@https://inte.searchnode.io/vexio/searchnode.min.js:6:178509

Dynamically enable window occlusion 1
1712692764600	geckodriver	INFO	Listening on 127.0.0.1:56561
1712692767766	mozrunner::runner	INFO	Running command: "C:\\Program Files\\Mozilla Firefox\\firefox.exe" "--marionette" "--user-agent=Mozilla/5.0 (Windows NT 10.0; ... 2" "--remote-allow-hosts" "localhost" "-no-remote" "-profile" "C:\\Users\\GZHel\\AppData\\Local\\Temp\\rust_mozprofileATS8hB"
console.warn: services.settings: Ignoring preference override of remote settings server
console.warn: services.settings: Allow by setting MOZ_REMOTE_SETTINGS_DEVTOOLS=1 in the environment
1712692769484	Marionette	INFO	Marionette enabled
Dynamically enable window occlusion 0
console.error: "Warning: unrecognized command line flag" "-user-agent"
1712692769686	Marionette	INFO	Listening on port 56578
WebDriver BiDi listening on ws://127.0.0.1:56562
Read port: 56578
1712692770093	RemoteAgent	WARN	TLS certificate errors will be ignored for this session
DevTools listening on ws://127.0.0.1:56562/devtools/browser/8a6292ae-adab-40bf-a8fa-8e42197f5f41
1712692801707	addons.xpi	ERROR	System addon update list error SyntaxError: XMLHttpRequest.open: 'http://%(server)s/dummy-system-addons.xml' is not a valid URL.
JavaScript warning: https://static.cloudflareinsights.com/beacon.min.js/v84a3a4012de94ce1a686ba8c167c359c1696973893317, line 1: Script terminated by timeout at:
104/T/<@https://static.cloudflareinsights.com/beacon.min.js/v84a3a4012de94ce1a686ba8c167c359c1696973893317:1:11944
t@https://static.cloudflareinsights.com/beacon.min.js/v84a3a4012de94ce1a686ba8c167c359c1696973893317:1:11805

1712694827109	Marionette	INFO	Stopped listening on port 56578
Dynamically enable window occlusion 1
MOZ_REMOTE_SETTINGS_DEVTOOLS=1 in the environment
1712692868170	Marionette	INFO	Marionette enabled
Dynamically enable window occlusion 0
console.error: "Warning: unrecognized command line flag" "-user-agent"
1712692868245	Marionette	INFO	Listening on port 56872
WebDriver BiDi listening on ws://127.0.0.1:56861
Read port: 56872
1712692868449	RemoteAgent	WARN	TLS certificate errors will be ignored for this session
DevTools listening on ws://127.0.0.1:56861/devtools/browser/6e17f21a-9f7f-495c-b976-c318ee084d5e
1712692898356	addons.xpi	ERROR	System addon update list error SyntaxError: XMLHttpRequest.open: 'http://%(server)s/dummy-system-addons.xml' is not a valid URL.
1712692968743	Marionette	INFO	Stopped listening on port 56872
JavaScript warning: https://embed.tawk.to/_s/v4/app/660e2260004/js/twk-chunk-24d8db78.js, line 2: Script terminated by timeout at:
f604/</checkRouteLoaded/this.routeLoadedTimeout<@https://embed.tawk.to/_s/v4/app/660e2260004/js/twk-chunk-24d8db78.js:2:103936

Dynamically enable window occlusion 1
1712693015330	geckodriver	INFO	Listening on 127.0.0.1:57121
1712693018385	mozrunner::runner	INFO	Running command: "C:\\Program Files\\Mozilla Firefox\\firefox.exe" "--marionette" "--user-agent=Mozilla/5.0 (Windows NT 10.0; ... 2" "--remote-allow-hosts" "localhost" "-no-remote" "-profile" "C:\\Users\\GZHel\\AppData\\Local\\Temp\\rust_mozprofile96YbIx"
console.warn: services.settings: Ignoring preference override of remote settings server
console.warn: services.settings: Allow by setting MOZ_REMOTE_SETTINGS_DEVTOOLS=1 in the environment
1712693018738	Marionette	INFO	Marionette enabled
Dynamically enable window occlusion 0
console.error: "Warning: unrecognized command line flag" "-user-agent"
1712693018815	Marionette	INFO	Listening on port 57132
WebDriver BiDi listening on ws://127.0.0.1:57122
Read port: 57132
1712693019006	RemoteAgent	WARN	TLS certificate errors will be ignored for this session
DevTools listening on ws://127.0.0.1:57122/devtools/browser/c36d1f44-969f-41c9-bbb9-38d0c26155d2
1712693048759	addons.xpi	ERROR	System addon update list error SyntaxError: XMLHttpRequest.open: 'http://%(server)s/dummy-system-addons.xml' is not a valid URL.
1712693117960	Marionette	INFO	Stopped listening on port 57132
JavaScript warning: https://inte.searchnode.io/vexio/searchnode.min.js, line 6: Script terminated by timeout at:
s@https://inte.searchnode.io/vexio/searchnode.min.js:6:178509

Dynamically enable window occlusion 1
1712693226678	geckodriver	INFO	Listening on 127.0.0.1:57401
1712693229723	mozrunner::runner	INFO	Running command: "C:\\Program Files\\Mozilla Firefox\\firefox.exe" "--marionette" "--user-agent=Mozilla/5.0 (Windows NT 10.0; ... 2" "--remote-allow-hosts" "localhost" "-no-remote" "-profile" "C:\\Users\\GZHel\\AppData\\Local\\Temp\\rust_mozprofilevE3mHx"
console.warn: services.settings: Ignoring preference override of remote settings server
console.warn: services.settings: Allow by setting MOZ_REMOTE_SETTINGS_DEVTOOLS=1 in the environment
1712693230102	Marionette	INFO	Marionette enabled
Dynamically enable window occlusion 0
console.error: "Warning: unrecognized command line flag" "-user-agent"
1712693230180	Marionette	INFO	Listening on port 57412
WebDriver BiDi listening on ws://127.0.0.1:57402
Read port: 57412
1712693230374	RemoteAgent	WARN	TLS certificate errors will be ignored for this session
DevTools listening on ws://127.0.0.1:57402/devtools/browser/40ea2179-bd06-49ca-b3ba-a14c287fcef8
1712693260562	addons.xpi	ERROR	System addon update list error SyntaxError: XMLHttpRequest.open: 'http://%(server)s/dummy-system-addons.xml' is not a valid URL.
1712693330408	Marionette	INFO	Stopped listening on port 57412
JavaScript warning: https://embed.tawk.to/_s/v4/app/660e2260004/js/twk-chunk-24d8db78.js, line 2: Script terminated by timeout at:
f604/</checkRouteLoaded/this.routeLoadedTimeout<@https://embed.tawk.to/_s/v4/app/660e2260004/js/twk-chunk-24d8db78.js:2:103936

Dynamically enable window occlusion 1
1712693519350	geckodriver	INFO	Listening on 127.0.0.1:57746
1712693522400	mozrunner::runner	INFO	Running command: "C:\\Program Files\\Mozilla Firefox\\firefox.exe" "--marionette" "--user-agent=Mozilla/5.0 (Windows NT 10.0; ... 7" "--remote-allow-hosts" "localhost" "-no-remote" "-profile" "C:\\Users\\GZHel\\AppData\\Local\\Temp\\rust_mozprofileRAh20g"
console.warn: services.settings: Ignoring preference override of remote settings server
console.warn: services.settings: Allow by setting MOZ_REMOTE_SETTINGS_DEVTOOLS=1 in the environment
1712693522751	Marionette	INFO	Marionette enabled
Dynamically enable window occlusion 0
console.error: "Warning: unrecognized command line flag" "-user-agent"
1712693522826	Marionette	INFO	Listening on port 57759
WebDriver BiDi listening on ws://127.0.0.1:57747
Read port: 57759
1712693523028	RemoteAgent	WARN	TLS certificate errors will be ignored for this session
DevTools listening on ws://127.0.0.1:57747/devtools/browser/acc0e3e2-abd9-44c4-b38f-0a7b53f78ac6
1712693554387	addons.xpi	ERROR	System addon update list error SyntaxError: XMLHttpRequest.open: 'http://%(server)s/dummy-system-addons.xml' is not a valid URL.
1712693622847	Marionette	INFO	Stopped listening on port 57759
JavaScript warning: https://inte.searchnode.io/vexio/searchnode.min.js, line 6: Script terminated by timeout at:
s@https://inte.searchnode.io/vexio/searchnode.min.js:6:178509

Dynamically enable window occlusion 1
1712693633164	geckodriver	INFO	Listening on 127.0.0.1:57947
1712693636197	mozrunner::runner	INFO	Running command: "C:\\Program Files\\Mozilla Firefox\\firefox.exe" "--marionette" "--user-agent=Mozilla/5.0 (Windows NT 10.0; ... 8" "--remote-allow-hosts" "localhost" "-no-remote" "-profile" "C:\\Users\\GZHel\\AppData\\Local\\Temp\\rust_mozprofileZHjRSk"
console.warn: services.settings: Ignoring preference override of remote settings server
console.warn: services.settings: Allow by setting MOZ_REMOTE_SETTINGS_DEVTOOLS=1 in the environment
1712693636533	Marionette	INFO	Marionette enabled
Dynamically enable window occlusion 0
console.error: "Warning: unrecognized command line flag" "-user-agent"
1712693636606	Marionette	INFO	Listening on port 57958
WebDriver BiDi listening on ws://127.0.0.1:57948
Read port: 57958
1712693636819	RemoteAgent	WARN	TLS certificate errors will be ignored for this session
DevTools listening on ws://127.0.0.1:57948/devtools/browser/23611d15-6db1-4d9e-a89a-307a5495ad38
1712693668297	addons.xpi	ERROR	System addon update list error SyntaxError: XMLHttpRequest.open: 'http://%(server)s/dummy-system-addons.xml' is not a valid URL.
JavaScript warning: https://static.cloudflareinsights.com/beacon.min.js/v84a3a4012de94ce1a686ba8c167c359c1696973893317, line 1: Script terminated by timeout at:
104/T/<@https://static.cloudflareinsights.com/beacon.min.js/v84a3a4012de94ce1a686ba8c167c359c1696973893317:1:11944
t@https://static.cloudflareinsights.com/beacon.min.js/v84a3a4012de94ce1a686ba8c167c359c1696973893317:1:11805

1712693865876	Marionette	INFO	Stopped listening on port 57958
Dynamically enable window occlusion 1
MOZ_REMOTE_SETTINGS_DEVTOOLS=1 in the environment
1712693864815	Marionette	INFO	Marionette enabled
Dynamically enable window occlusion 0
console.error: "Warning: unrecognized command line flag" "-user-agent"
1712693864943	Marionette	INFO	Listening on port 58274
WebDriver BiDi listening on ws://127.0.0.1:58264
Read port: 58274
1712693865249	RemoteAgent	WARN	TLS certificate errors will be ignored for this session
DevTools listening on ws://127.0.0.1:58264/devtools/browser/b9c84064-d820-4459-9a35-cf2c6b348c5f
1712693895173	addons.xpi	ERROR	System addon update list error SyntaxError: XMLHttpRequest.open: 'http://%(server)s/dummy-system-addons.xml' is not a valid URL.
1712693965797	Marionette	INFO	Stopped listening on port 58274
JavaScript warning: https://inte.searchnode.io/vexio/searchnode.min.js, line 6: Script terminated by timeout at:
s@https://inte.searchnode.io/vexio/searchnode.min.js:6:178509

Dynamically enable window occlusion 1
1712693981780	geckodriver	INFO	Listening on 127.0.0.1:58469
1712693984819	mozrunner::runner	INFO	Running command: "C:\\Program Files\\Mozilla Firefox\\firefox.exe" "--marionette" "--user-agent=Mozilla/5.0 (Windows NT 10.0; ... 0" "--remote-allow-hosts" "localhost" "-no-remote" "-profile" "C:\\Users\\GZHel\\AppData\\Local\\Temp\\rust_mozprofileILmlsw"
console.warn: services.settings: Ignoring preference override of remote settings server
console.warn: services.settings: Allow by setting MOZ_REMOTE_SETTINGS_DEVTOOLS=1 in the environment
1712693985181	Marionette	INFO	Marionette enabled
Dynamically enable window occlusion 0
console.error: "Warning: unrecognized command line flag" "-user-agent"
1712693985254	Marionette	INFO	Listening on port 58480
WebDriver BiDi listening on ws://127.0.0.1:58470
Read port: 58480
1712693985454	RemoteAgent	WARN	TLS certificate errors will be ignored for this session
DevTools listening on ws://127.0.0.1:58470/devtools/browser/d1177d2c-77c1-4f14-8aa6-3391c704061f
1712694015426	addons.xpi	ERROR	System addon update list error SyntaxError: XMLHttpRequest.open: 'http://%(server)s/dummy-system-addons.xml' is not a valid URL.
1712694306928	Marionette	INFO	Stopped listening on port 58480
Dynamically enable window occlusion 1
1712694792108	geckodriver	INFO	Listening on 127.0.0.1:60000
1712694795154	mozrunner::runner	INFO	Running command: "C:\\Program Files\\Mozilla Firefox\\firefox.exe" "--marionette" "--user-agent=Mozilla/5.0 (Windows NT 10.0; ... 1" "--remote-allow-hosts" "localhost" "-no-remote" "-profile" "C:\\Users\\GZHel\\AppData\\Local\\Temp\\rust_mozprofileEul9ug"
console.warn: services.settings: Ignoring preference override of remote settings server
console.warn: services.settings: Allow by setting MOZ_REMOTE_SETTINGS_DEVTOOLS=1 in the environment
1712694795520	Marionette	INFO	Marionette enabled
Dynamically enable window occlusion 0
console.error: "Warning: unrecognized command line flag" "-user-agent"
1712694795624	Marionette	INFO	Listening on port 60010
WebDriver BiDi listening on ws://127.0.0.1:60001
Read port: 60010
1712694795889	RemoteAgent	WARN	TLS certificate errors will be ignored for this session
DevTools listening on ws://127.0.0.1:60001/devtools/browser/3dd129ea-fa17-40c3-a761-ceb1c4db5463
JavaScript warning: https://www.googletagmanager.com/gtag/js?id=G-55LSPEG2FN&l=dataLayer&cx=c, line 361: Script terminated by timeout at:
Jl@https://www.googletagmanager.com/gtag/js?id=G-55LSPEG2FN&l=dataLayer&cx=c:361:633
sm@https://www.googletagmanager.com/gtag/js?id=G-55LSPEG2FN&l=dataLayer&cx=c:366:613
oG/<@https://www.googletagmanager.com/gtag/js?id=G-55LSPEG2FN&l=dataLayer&cx=c:683:178
aa.nk/<@https://www.googletagmanager.com/gtag/js?id=G-55LSPEG2FN&l=dataLayer&cx=c:632:126
aa.nk/c/<@https://www.googletagmanager.com/gtag/js?id=G-55LSPEG2FN&l=dataLayer&cx=c:631:420

1712694826021	Marionette	INFO	Stopped listening on port 60010
Dynamically enable window occlusion 1
console.error: (new Error("Polling for changes failed: NetworkError: Network request failed.", "resource://services-settings/remote-settings.sys.mjs", 324))
1712694826114	addons.xpi	ERROR	System addon update list error Error: Failed downloading XML, status: 0, channelStatus: 2147500036, errorCode: 2, reason: error
console.error: Region.sys.mjs: "Error fetching region" (new TypeError("NetworkError when attempting to fetch resource.", "resource://gre/modules/Region.sys.mjs", 738))
console.error: Region.sys.mjs: "Failed to fetch region" (new Error("NO_RESULT", "resource://gre/modules/Region.sys.mjs", 411))
1712694925534	geckodriver	INFO	Listening on 127.0.0.1:60234
1712694928619	mozrunner::runner	INFO	Running command: "C:\\Program Files\\Mozilla Firefox\\firefox.exe" "--marionette" "--user-agent=Mozilla/5.0 (Windows NT 10.0; ... 5" "--remote-allow-hosts" "localhost" "-no-remote" "-profile" "C:\\Users\\GZHel\\AppData\\Local\\Temp\\rust_mozprofile6CMXac"
console.warn: services.settings: Ignoring preference override of remote settings server
console.warn: services.settings: Allow by setting MOZ_REMOTE_SETTINGS_DEVTOOLS=1 in the environment
1712694928986	Marionette	INFO	Marionette enabled
Dynamically enable window occlusion 0
console.error: "Warning: unrecognized command line flag" "-user-agent"
1712694929057	Marionette	INFO	Listening on port 60247
WebDriver BiDi listening on ws://127.0.0.1:60235
Read port: 60247
1712694929250	RemoteAgent	WARN	TLS certificate errors will be ignored for this session
DevTools listening on ws://127.0.0.1:60235/devtools/browser/e8bef184-a026-4e35-9a27-383d8df11fd1
JavaScript warning: https://static.cloudflareinsights.com/beacon.min.js/v84a3a4012de94ce1a686ba8c167c359c1696973893317, line 1: Script terminated by timeout at:
104/T/<@https://static.cloudflareinsights.com/beacon.min.js/v84a3a4012de94ce1a686ba8c167c359c1696973893317:1:11944
t@https://static.cloudflareinsights.com/beacon.min.js/v84a3a4012de94ce1a686ba8c167c359c1696973893317:1:11805

1712694936994	Marionette	INFO	Stopped listening on port 60247
Dynamically enable window occlusion 1
1712695056026	geckodriver	INFO	Listening on 127.0.0.1:60443
1712695059090	mozrunner::runner	INFO	Running command: "C:\\Program Files\\Mozilla Firefox\\firefox.exe" "--marionette" "--user-agent=Mozilla/5.0 (Windows NT 10.0; ... 4" "--remote-allow-hosts" "localhost" "-no-remote" "-profile" "C:\\Users\\GZHel\\AppData\\Local\\Temp\\rust_mozprofileCGz2It"
console.warn: services.settings: Ignoring preference override of remote settings server
console.warn: services.settings: Allow by setting MOZ_REMOTE_SETTINGS_DEVTOOLS=1 in the environment
1712695059466	Marionette	INFO	Marionette enabled
Dynamically enable window occlusion 0
console.error: "Warning: unrecognized command line flag" "-user-agent"
1712695059537	Marionette	INFO	Listening on port 60456
WebDriver BiDi listening on ws://127.0.0.1:60444
Read port: 60456
1712695059774	RemoteAgent	WARN	TLS certificate errors will be ignored for this session
DevTools listening on ws://127.0.0.1:60444/devtools/browser/2cc9f416-6340-42d7-89b4-efc7e420f116
1712695089765	addons.xpi	ERROR	System addon update list error SyntaxError: XMLHttpRequest.open: 'http://%(server)s/dummy-system-addons.xml' is not a valid URL.
1712695157218	Marionette	INFO	Stopped listening on port 60456
JavaScript warning: https://inte.searchnode.io/vexio/searchnode.min.js, line 6: Script terminated by timeout at:
s@https://inte.searchnode.io/vexio/searchnode.min.js:6:178594

Dynamically enable window occlusion 1
1712695254876	geckodriver	INFO	Listening on 127.0.0.1:60721
1712695257949	mozrunner::runner	INFO	Running command: "C:\\Program Files\\Mozilla Firefox\\firefox.exe" "--marionette" "--user-agent=Mozilla/5.0 (Windows NT 10.0; ... 2" "--remote-allow-hosts" "localhost" "-no-remote" "-profile" "C:\\Users\\GZHel\\AppData\\Local\\Temp\\rust_mozprofileinH4s3"
console.warn: services.settings: Ignoring preference override of remote settings server
console.warn: services.settings: Allow by setting MOZ_REMOTE_SETTINGS_DEVTOOLS=1 in the environment
1712695258321	Marionette	INFO	Marionette enabled
Dynamically enable window occlusion 0
console.error: "Warning: unrecognized command line flag" "-user-agent"
1712695258393	Marionette	INFO	Listening on port 60732
WebDriver BiDi listening on ws://127.0.0.1:60722
Read port: 60732
1712695258591	RemoteAgent	WARN	TLS certificate errors will be ignored for this session
DevTools listening on ws://127.0.0.1:60722/devtools/browser/dcf9ed92-911e-4433-993a-0a58b4095434
JavaScript warning: https://www.googletagmanager.com/gtag/destination?id=AW-939402149&l=dataLayer&cx=c, line 99: Script terminated by timeout at:
l@https://www.googletagmanager.com/gtag/destination?id=AW-939402149&l=dataLayer&cx=c:99:1328
hA/<@https://www.googletagmanager.com/gtag/destination?id=AW-939402149&l=dataLayer&cx=c:483:167
l@https://www.googletagmanager.com/gtag/destination?id=AW-939402149&l=dataLayer&cx=c:100:5
hA@https://www.googletagmanager.com/gtag/destination?id=AW-939402149&l=dataLayer&cx=c:483:134
iA/<@https://www.googletagmanager.com/gtag/destination?id=AW-939402149&l=dataLayer&cx=c:483:111

1712695278789	Marionette	INFO	Stopped listening on port 60732
Dynamically enable window occlusion 1
1712695336832	geckodriver	INFO	Listening on 127.0.0.1:60865
1712695339934	mozrunner::runner	INFO	Running command: "C:\\Program Files\\Mozilla Firefox\\firefox.exe" "--marionette" "--user-agent=Mozilla/5.0 (Windows NT 10.0; ... 6" "--remote-allow-hosts" "localhost" "-no-remote" "-profile" "C:\\Users\\GZHel\\AppData\\Local\\Temp\\rust_mozprofileiI4oZR"
console.warn: services.settings: Ignoring preference override of remote settings server
console.warn: services.settings: Allow by setting MOZ_REMOTE_SETTINGS_DEVTOOLS=1 in the environment
1712695340316	Marionette	INFO	Marionette enabled
Dynamically enable window occlusion 0
console.error: "Warning: unrecognized command line flag" "-user-agent"
1712695340387	Marionette	INFO	Listening on port 60882
WebDriver BiDi listening on ws://127.0.0.1:60866
Read port: 60882
1712695340580	RemoteAgent	WARN	TLS certificate errors will be ignored for this session
DevTools listening on ws://127.0.0.1:60866/devtools/browser/6c466914-54b4-41c7-956f-51ffd25ee143
1712695370388	addons.xpi	ERROR	System addon update list error SyntaxError: XMLHttpRequest.open: 'http://%(server)s/dummy-system-addons.xml' is not a valid URL.
1712695655957	Marionette	INFO	Stopped listening on port 60882
Dynamically enable window occlusion 1
1712696170256	geckodriver	INFO	Listening on 127.0.0.1:61908
1712696173311	mozrunner::runner	INFO	Running command: "C:\\Program Files\\Mozilla Firefox\\firefox.exe" "--marionette" "--user-agent=Mozilla/5.0 (Windows NT 10.0; ... 9" "--remote-allow-hosts" "localhost" "-no-remote" "-profile" "C:\\Users\\GZHel\\AppData\\Local\\Temp\\rust_mozprofile0gQE59"
console.warn: services.settings: Ignoring preference override of remote settings server
console.warn: services.settings: Allow by setting MOZ_REMOTE_SETTINGS_DEVTOOLS=1 in the environment
1712696173689	Marionette	INFO	Marionette enabled
Dynamically enable window occlusion 0
console.error: "Warning: unrecognized command line flag" "-user-agent"
1712696173761	Marionette	INFO	Listening on port 61918
WebDriver BiDi listening on ws://127.0.0.1:61909
Read port: 61918
1712696173962	RemoteAgent	WARN	TLS certificate errors will be ignored for this session
DevTools listening on ws://127.0.0.1:61909/devtools/browser/670cf066-2f4e-4cee-9619-0c83cd2098ca
1712696204397	addons.xpi	ERROR	System addon update list error SyntaxError: XMLHttpRequest.open: 'http://%(server)s/dummy-system-addons.xml' is not a valid URL.
1712696491542	Marionette	INFO	Stopped listening on port 61918
JavaScript warning: https://inte.searchnode.io/vexio/searchnode.min.js, line 6: Script terminated by timeout at:
s@https://inte.searchnode.io/vexio/searchnode.min.js:6:178509

Dynamically enable window occlusion 1
